TN:
SF:src/app.ts
FN:7,(anonymous_1)
FN:15,(anonymous_2)
FNF:2
FNH:0
FNDA:0,(anonymous_1)
FNDA:0,(anonymous_2)
DA:1,0
DA:2,0
DA:3,0
DA:4,0
DA:8,0
DA:9,0
DA:10,0
DA:11,0
DA:12,0
DA:16,0
DA:17,0
DA:21,0
DA:22,0
LF:13
LH:0
BRF:0
BRH:0
end_of_record
TN:
SF:src/config.ts
FN:24,(anonymous_1)
FN:41,(anonymous_2)
FN:45,(anonymous_3)
FN:53,(anonymous_4)
FNF:4
FNH:2
FNDA:6,(anonymous_1)
FNDA:16,(anonymous_2)
FNDA:0,(anonymous_3)
FNDA:0,(anonymous_4)
DA:1,6
DA:2,6
DA:3,6
DA:5,6
DA:25,6
DA:26,6
DA:27,6
DA:28,6
DA:29,6
DA:30,6
DA:31,6
DA:32,6
DA:33,6
DA:34,6
DA:35,6
DA:36,6
DA:37,6
DA:38,6
DA:42,16
DA:46,0
DA:47,0
DA:48,0
DA:54,0
DA:63,6
LF:24
LH:20
BRDA:47,0,0,0
BRF:1
BRH:0
end_of_record
TN:
SF:src/routes.ts
FN:12,(anonymous_0)
FN:13,(anonymous_1)
FNF:2
FNH:0
FNDA:0,(anonymous_0)
FNDA:0,(anonymous_1)
DA:1,0
DA:2,0
DA:3,0
DA:4,0
DA:6,0
DA:7,0
DA:8,0
DA:10,0
DA:12,0
DA:13,0
DA:15,0
DA:16,0
DA:17,0
DA:18,0
DA:20,0
DA:21,0
DA:22,0
DA:25,0
LF:18
LH:0
BRF:0
BRH:0
end_of_record
TN:
SF:src/setupDatabase.ts
FN:9,(anonymous_1)
FN:10,(anonymous_2)
FN:13,(anonymous_3)
FN:17,(anonymous_4)
FNF:4
FNH:0
FNDA:0,(anonymous_1)
FNDA:0,(anonymous_2)
FNDA:0,(anonymous_3)
FNDA:0,(anonymous_4)
DA:1,0
DA:2,0
DA:4,0
DA:6,0
DA:7,0
DA:9,0
DA:10,0
DA:11,0
DA:14,0
DA:15,0
DA:18,0
DA:19,0
DA:22,0
DA:24,0
LF:14
LH:0
BRF:0
BRH:0
end_of_record
TN:
SF:src/setupServer.ts
FN:21,(anonymous_8)
FN:25,(anonymous_9)
FN:33,(anonymous_10)
FN:39,(anonymous_11)
FN:43,(anonymous_12)
FN:64,(anonymous_13)
FN:65,(anonymous_14)
FN:69,(anonymous_15)
FN:79,(anonymous_16)
FN:92,(anonymous_18)
FN:94,(anonymous_19)
FNF:11
FNH:0
FNDA:0,(anonymous_8)
FNDA:0,(anonymous_9)
FNDA:0,(anonymous_10)
FNDA:0,(anonymous_11)
FNDA:0,(anonymous_12)
FNDA:0,(anonymous_13)
FNDA:0,(anonymous_14)
FNDA:0,(anonymous_15)
FNDA:0,(anonymous_16)
FNDA:0,(anonymous_18)
FNDA:0,(anonymous_19)
DA:1,0
DA:2,0
DA:3,0
DA:4,0
DA:5,0
DA:6,0
DA:7,0
DA:8,0
DA:9,0
DA:11,0
DA:12,0
DA:14,0
DA:16,0
DA:18,0
DA:22,0
DA:26,0
DA:27,0
DA:28,0
DA:29,0
DA:30,0
DA:34,0
DA:35,0
DA:36,0
DA:40,0
DA:44,0
DA:52,0
DA:53,0
DA:54,0
DA:65,0
DA:66,0
DA:69,0
DA:70,0
DA:71,0
DA:72,0
DA:73,0
DA:75,0
DA:80,0
DA:81,0
DA:83,0
DA:86,0
DA:94,0
DA:95,0
LF:42
LH:0
BRDA:71,0,0,0
BRF:1
BRH:0
end_of_record
TN:
SF:src/docs/swagger.ts
FNF:0
FNH:0
DA:1,0
DA:2,0
DA:3,0
DA:5,0
DA:20,0
DA:25,0
DA:28,0
DA:29,0
DA:31,0
LF:9
LH:0
BRF:0
BRH:0
end_of_record
TN:
SF:src/features/auth/controllers/current-user.ts
FN:15,(anonymous_8)
FNF:1
FNH:1
FNDA:3,(anonymous_8)
DA:1,1
DA:2,1
DA:5,1
DA:6,1
DA:16,3
DA:17,3
DA:18,3
DA:20,3
DA:22,3
DA:25,3
DA:26,2
DA:27,2
DA:28,2
DA:45,3
DA:50,1
LF:15
LH:15
BRDA:20,0,0,0
BRDA:20,0,1,3
BRDA:20,1,0,3
BRDA:20,1,1,3
BRDA:22,2,0,1
BRDA:22,2,1,2
BRDA:23,3,0,0
BRDA:23,3,1,2
BRDA:23,4,0,2
BRDA:23,4,1,2
BRDA:25,5,0,2
BRDA:25,6,0,3
BRDA:25,6,1,2
BRDA:27,7,0,0
BRDA:27,7,1,2
BRDA:27,8,0,2
BRDA:27,8,1,2
BRF:17
BRH:14
end_of_record
TN:
SF:src/features/auth/controllers/login.ts
FN:19,(anonymous_8)
FN:30,(anonymous_9)
FNF:2
FNH:2
FNDA:1,(anonymous_8)
FNDA:4,(anonymous_9)
DA:1,1
DA:2,1
DA:3,1
DA:4,1
DA:7,1
DA:8,1
DA:11,1
DA:12,1
DA:13,1
DA:15,1
DA:20,1
DA:32,4
DA:33,4
DA:34,1
DA:35,1
DA:38,3
DA:39,3
DA:41,3
DA:42,3
DA:43,1
DA:44,1
DA:47,2
DA:48,2
DA:49,1
DA:50,1
DA:53,1
DA:56,1
DA:65,1
DA:67,1
DA:70,1
DA:81,1
LF:31
LH:31
BRDA:33,0,0,1
BRDA:42,1,0,1
BRDA:48,2,0,1
BRF:3
BRH:3
end_of_record
TN:
SF:src/features/auth/controllers/logout.ts
FN:11,(anonymous_8)
FNF:1
FNH:1
FNDA:1,(anonymous_8)
DA:1,1
DA:12,1
DA:13,1
DA:18,1
LF:4
LH:4
BRF:0
BRH:0
end_of_record
TN:
SF:src/features/auth/controllers/password.ts
FN:20,(anonymous_8)
FN:31,(anonymous_9)
FN:73,(anonymous_11)
FNF:3
FNH:3
FNDA:1,(anonymous_8)
FNDA:3,(anonymous_9)
FNDA:3,(anonymous_11)
DA:2,1
DA:3,1
DA:4,1
DA:5,1
DA:6,1
DA:8,1
DA:9,1
DA:10,1
DA:11,1
DA:12,1
DA:13,1
DA:14,1
DA:17,1
DA:21,1
DA:33,3
DA:34,3
DA:35,1
DA:36,1
DA:39,2
DA:40,2
DA:43,2
DA:44,2
DA:45,1
DA:46,1
DA:50,1
DA:51,1
DA:52,1
DA:55,1
DA:56,1
DA:57,1
DA:63,1
DA:75,3
DA:76,3
DA:77,1
DA:78,1
DA:81,2
DA:82,2
DA:83,2
DA:85,2
DA:88,2
DA:89,2
DA:90,1
DA:91,1
DA:95,1
DA:96,1
DA:98,1
DA:106,1
DA:107,1
DA:109,1
DA:116,1
LF:50
LH:50
BRDA:34,0,0,1
BRDA:44,1,0,1
BRDA:76,2,0,1
BRDA:89,3,0,1
BRF:4
BRH:4
end_of_record
TN:
SF:src/features/auth/controllers/register.ts
FN:27,(anonymous_8)
FN:37,(anonymous_9)
FN:169,(anonymous_11)
FN:188,(anonymous_12)
FN:226,(anonymous_13)
FN:292,(anonymous_14)
FNF:6
FNH:6
FNDA:1,(anonymous_8)
FNDA:6,(anonymous_9)
FNDA:1,(anonymous_11)
FNDA:4,(anonymous_12)
FNDA:3,(anonymous_13)
FNDA:3,(anonymous_14)
DA:1,1
DA:2,1
DA:4,1
DA:5,1
DA:7,1
DA:8,1
DA:9,1
DA:11,1
DA:13,1
DA:14,1
DA:15,1
DA:16,1
DA:17,1
DA:18,1
DA:19,1
DA:23,1
DA:25,1
DA:28,1
DA:38,6
DA:39,6
DA:42,6
DA:43,6
DA:44,1
DA:45,1
DA:49,5
DA:60,5
DA:63,5
DA:64,5
DA:65,1
DA:66,1
DA:70,4
DA:71,4
DA:72,4
DA:73,4
DA:74,4
DA:77,4
DA:92,4
DA:93,1
DA:94,1
DA:98,3
DA:104,3
DA:105,3
DA:107,3
DA:108,2
DA:109,2
DA:112,1
DA:115,1
DA:119,1
DA:124,1
DA:128,1
DA:129,1
DA:132,1
DA:133,1
DA:134,1
DA:135,1
DA:136,1
DA:138,0
DA:139,0
DA:143,1
DA:144,1
DA:146,1
DA:149,1
DA:157,0
DA:158,0
DA:170,1
DA:201,4
DA:203,4
DA:235,3
DA:237,3
DA:293,3
DA:295,3
DA:329,1
LF:72
LH:68
BRDA:43,0,0,1
BRDA:64,1,0,1
BRDA:92,2,0,1
BRDA:92,3,0,4
BRDA:92,3,1,4
BRDA:104,4,0,3
BRDA:104,5,0,3
BRDA:104,5,1,3
BRDA:107,6,0,2
BRDA:107,7,0,2
BRDA:107,7,1,1
BRDA:107,8,0,3
BRDA:107,8,1,2
BRDA:255,9,0,3
BRDA:255,9,1,0
BRDA:255,10,0,3
BRDA:255,10,1,3
BRDA:255,11,0,0
BRDA:255,11,1,3
BRDA:255,12,0,3
BRDA:255,12,1,3
BRDA:298,13,0,3
BRDA:298,13,1,0
BRDA:298,14,0,3
BRDA:298,14,1,3
BRDA:298,15,0,0
BRDA:298,15,1,3
BRDA:298,16,0,3
BRDA:298,16,1,3
BRF:29
BRH:25
end_of_record
TN:
SF:src/features/auth/interfaces/auth.interface.ts
FN:13,(anonymous_0)
FN:24,(anonymous_1)
FNF:2
FNH:2
FNDA:5,(anonymous_0)
FNDA:5,(anonymous_1)
DA:13,5
DA:14,5
DA:15,5
DA:16,5
DA:17,5
DA:18,5
DA:19,5
DA:20,5
DA:21,5
DA:24,5
DA:25,5
DA:26,5
DA:27,5
DA:28,5
DA:29,5
DA:30,5
DA:31,5
DA:32,5
DA:33,5
DA:34,5
LF:20
LH:20
BRDA:13,0,0,5
BRDA:13,0,1,5
BRDA:24,1,0,5
BRDA:24,1,1,5
BRF:4
BRH:4
end_of_record
TN:
SF:src/features/auth/models/auth.schema.ts
FN:21,(anonymous_7)
FN:30,(anonymous_8)
FN:38,(anonymous_10)
FN:43,(anonymous_12)
FN:47,(anonymous_14)
FNF:5
FNH:0
FNDA:0,(anonymous_7)
FNDA:0,(anonymous_8)
FNDA:0,(anonymous_10)
FNDA:0,(anonymous_12)
FNDA:0,(anonymous_14)
DA:1,1
DA:3,1
DA:5,1
DA:7,1
DA:22,0
DA:23,0
DA:30,1
DA:31,0
DA:32,0
DA:33,0
DA:35,0
DA:38,1
DA:39,0
DA:40,0
DA:43,1
DA:44,0
DA:47,1
DA:48,0
DA:49,0
DA:50,0
DA:55,1
DA:56,1
LF:22
LH:10
BRDA:31,0,0,0
BRF:1
BRH:0
end_of_record
TN:
SF:src/features/auth/routes/authRoutes.ts
FN:12,(anonymous_1)
FN:16,(anonymous_2)
FN:25,(anonymous_3)
FNF:3
FNH:0
FNDA:0,(anonymous_1)
FNDA:0,(anonymous_2)
FNDA:0,(anonymous_3)
DA:1,0
DA:2,0
DA:3,0
DA:4,0
DA:5,0
DA:6,0
DA:13,0
DA:17,0
DA:18,0
DA:19,0
DA:20,0
DA:22,0
DA:26,0
DA:28,0
DA:32,0
LF:15
LH:0
BRF:0
BRH:0
end_of_record
TN:
SF:src/features/auth/routes/currentUserRoutes.ts
FN:9,(anonymous_1)
FN:13,(anonymous_2)
FNF:2
FNH:0
FNDA:0,(anonymous_1)
FNDA:0,(anonymous_2)
DA:1,0
DA:2,0
DA:3,0
DA:10,0
DA:14,0
DA:16,0
DA:22,0
LF:7
LH:0
BRF:0
BRH:0
end_of_record
TN:
SF:src/features/auth/schemes/authValidation.ts
FN:53,(anonymous_0)
FNF:1
FNH:0
FNDA:0,(anonymous_0)
DA:1,5
DA:2,5
DA:4,5
DA:13,5
DA:20,5
DA:29,5
DA:36,5
DA:48,5
DA:54,0
DA:55,0
DA:63,5
DA:65,5
LF:12
LH:10
BRDA:54,0,0,0
BRF:1
BRH:0
end_of_record
TN:
SF:src/features/business/interfaces/business.interface.ts
FN:57,(anonymous_0)
FNF:1
FNH:1
FNDA:2,(anonymous_0)
DA:57,2
DA:58,2
DA:59,2
DA:60,2
LF:4
LH:4
BRDA:57,0,0,2
BRDA:57,0,1,2
BRF:2
BRH:2
end_of_record
TN:
SF:src/features/business/models/business.schema.ts
FNF:0
FNH:0
DA:2,1
DA:3,1
DA:5,1
DA:65,1
LF:4
LH:4
BRF:0
BRH:0
end_of_record
TN:
SF:src/features/inventory/controllers/products.ts
FN:22,(anonymous_8)
FN:32,(anonymous_9)
FN:97,(anonymous_11)
FN:112,(anonymous_13)
FN:126,(anonymous_15)
FN:147,(anonymous_17)
FNF:6
FNH:6
FNDA:1,(anonymous_8)
FNDA:6,(anonymous_9)
FNDA:5,(anonymous_11)
FNDA:5,(anonymous_13)
FNDA:4,(anonymous_15)
FNDA:2,(anonymous_17)
DA:1,1
DA:2,1
DA:3,1
DA:5,1
DA:6,1
DA:8,1
DA:9,1
DA:10,1
DA:11,1
DA:12,1
DA:13,1
DA:14,1
DA:17,1
DA:19,1
DA:23,1
DA:33,6
DA:34,6
DA:37,6
DA:38,6
DA:39,1
DA:40,1
DA:44,5
DA:47,5
DA:50,5
DA:53,4
DA:56,2
DA:59,2
DA:60,0
DA:61,0
DA:62,0
DA:64,0
DA:68,2
DA:71,2
DA:72,2
DA:73,1
DA:75,1
DA:76,1
DA:79,1
DA:87,3
DA:88,3
DA:98,5
DA:99,5
DA:101,5
DA:102,0
DA:105,5
DA:113,5
DA:114,5
DA:115,1
DA:116,1
DA:127,4
DA:128,4
DA:131,4
DA:132,1
DA:133,3
DA:134,1
DA:137,2
DA:167,2
DA:169,2
DA:197,1
LF:59
LH:54
BRDA:38,0,0,1
BRDA:44,1,0,0
BRDA:44,1,1,5
BRDA:44,2,0,5
BRDA:44,2,1,5
BRDA:59,3,0,0
BRDA:61,4,0,0
BRDA:61,4,1,0
BRDA:99,5,0,5
BRDA:99,5,1,0
BRDA:101,6,0,0
BRDA:101,7,0,5
BRDA:101,7,1,5
BRDA:114,8,0,1
BRDA:128,9,0,3
BRDA:128,9,1,1
BRDA:131,10,0,1
BRDA:131,10,1,3
BRDA:133,11,0,1
BRDA:176,12,0,2
BRDA:176,12,1,2
BRDA:177,13,0,2
BRDA:177,13,1,2
BRDA:179,14,0,2
BRDA:179,14,1,2
BRDA:181,15,0,2
BRDA:181,15,1,2
BRDA:182,16,0,2
BRDA:182,16,1,2
BRDA:184,17,0,0
BRDA:184,17,1,2
BRDA:184,18,0,2
BRDA:184,18,1,2
BRDA:186,19,0,2
BRDA:186,19,1,2
BRDA:187,20,0,0
BRDA:187,20,1,2
BRDA:187,21,0,2
BRDA:187,21,1,2
BRDA:188,22,0,2
BRDA:188,22,1,2
BRDA:189,23,0,2
BRDA:189,23,1,2
BRF:43
BRH:35
end_of_record
TN:
SF:src/features/inventory/interfaces/products.interface.ts
FN:31,(anonymous_0)
FN:53,(anonymous_1)
FN:72,(anonymous_2)
FN:82,(anonymous_3)
FNF:4
FNH:4
FNDA:1,(anonymous_0)
FNDA:1,(anonymous_1)
FNDA:1,(anonymous_2)
FNDA:1,(anonymous_3)
DA:31,1
DA:32,1
DA:33,1
DA:34,1
DA:53,1
DA:54,1
DA:55,1
DA:56,1
DA:57,1
DA:58,1
DA:59,1
DA:60,1
DA:61,1
DA:62,1
DA:63,1
DA:64,1
DA:65,1
DA:66,1
DA:67,1
DA:68,1
DA:69,1
DA:72,1
DA:73,1
DA:74,1
DA:75,1
DA:76,1
DA:77,1
DA:78,1
DA:82,1
DA:83,1
DA:84,1
DA:85,1
DA:86,1
DA:87,1
DA:88,1
DA:89,1
DA:90,1
DA:91,1
DA:92,1
DA:93,1
DA:94,1
DA:95,1
DA:96,1
DA:97,1
DA:98,1
DA:99,1
DA:100,1
DA:101,1
DA:102,1
DA:105,1
DA:106,1
DA:107,1
DA:108,1
DA:109,1
DA:110,1
DA:111,1
DA:114,1
DA:115,1
LF:58
LH:58
BRDA:31,0,0,1
BRDA:31,0,1,1
BRDA:53,1,0,1
BRDA:53,1,1,1
BRDA:72,2,0,1
BRDA:72,2,1,1
BRDA:82,3,0,1
BRDA:82,3,1,1
BRF:8
BRH:8
end_of_record
TN:
SF:src/features/inventory/models/products.schema.ts
FNF:0
FNH:0
DA:1,0
DA:2,0
DA:4,0
DA:149,0
DA:150,0
DA:151,0
DA:152,0
DA:153,0
DA:154,0
DA:157,0
DA:159,0
LF:11
LH:0
BRF:0
BRH:0
end_of_record
TN:
SF:src/features/inventory/routes/productRoutes.ts
FN:9,(anonymous_1)
FN:13,(anonymous_2)
FNF:2
FNH:0
FNDA:0,(anonymous_1)
FNDA:0,(anonymous_2)
DA:1,0
DA:2,0
DA:3,0
DA:10,0
DA:14,0
DA:17,0
DA:23,0
LF:7
LH:0
BRF:0
BRH:0
end_of_record
TN:
SF:src/features/inventory/schemes/productValidation.ts
FNF:0
FNH:0
DA:1,1
DA:2,1
DA:5,1
DA:11,1
DA:23,1
LF:5
LH:5
BRF:0
BRH:0
end_of_record
TN:
SF:src/features/users/controllers/user-management.ts
FN:20,(anonymous_8)
FN:56,(anonymous_10)
FN:101,(anonymous_12)
FNF:3
FNH:3
FNDA:3,(anonymous_8)
FNDA:4,(anonymous_10)
FNDA:3,(anonymous_12)
DA:3,1
DA:4,1
DA:5,1
DA:6,1
DA:7,1
DA:8,1
DA:9,1
DA:11,1
DA:21,3
DA:23,3
DA:24,3
DA:27,3
DA:29,2
DA:31,2
DA:32,1
DA:37,1
DA:44,1
DA:45,1
DA:57,4
DA:59,4
DA:62,3
DA:63,3
DA:65,3
DA:68,3
DA:69,3
DA:72,3
DA:75,2
DA:76,2
DA:77,1
DA:81,2
DA:84,2
DA:90,2
DA:91,2
DA:102,3
DA:104,3
DA:105,3
DA:108,3
DA:111,2
DA:112,2
DA:113,1
DA:114,1
DA:118,1
DA:121,1
DA:126,1
DA:127,1
DA:134,1
LF:46
LH:46
BRDA:27,0,0,0
BRDA:27,0,1,3
BRDA:27,1,0,3
BRDA:27,1,1,3
BRDA:31,2,0,1
BRDA:31,2,1,1
BRDA:72,3,0,0
BRDA:72,3,1,3
BRDA:72,4,0,3
BRDA:72,4,1,3
BRDA:76,5,0,1
BRDA:108,6,0,0
BRDA:108,6,1,3
BRDA:108,7,0,3
BRDA:108,7,1,3
BRDA:112,8,0,1
BRF:16
BRH:13
end_of_record
TN:
SF:src/features/users/controllers/users.ts
FN:27,(anonymous_8)
FN:39,(anonymous_9)
FN:120,(anonymous_11)
FN:135,(anonymous_12)
FN:152,(anonymous_14)
FN:178,(anonymous_16)
FN:226,(anonymous_17)
FN:233,(anonymous_19)
FNF:8
FNH:6
FNDA:3,(anonymous_8)
FNDA:7,(anonymous_9)
FNDA:11,(anonymous_11)
FNDA:15,(anonymous_12)
FNDA:4,(anonymous_14)
FNDA:2,(anonymous_16)
FNDA:0,(anonymous_17)
FNDA:0,(anonymous_19)
DA:2,2
DA:3,2
DA:4,2
DA:6,2
DA:9,2
DA:10,2
DA:11,2
DA:12,2
DA:14,2
DA:15,2
DA:16,2
DA:17,2
DA:18,2
DA:20,2
DA:23,2
DA:26,2
DA:28,3
DA:29,3
DA:40,7
DA:41,7
DA:44,7
DA:47,6
DA:50,5
DA:51,5
DA:54,5
DA:55,5
DA:56,5
DA:57,1
DA:58,1
DA:62,4
DA:65,2
DA:66,2
DA:67,2
DA:70,2
DA:83,2
DA:84,2
DA:90,2
DA:91,2
DA:92,1
DA:93,1
DA:94,1
DA:96,1
DA:97,1
DA:100,1
DA:102,1
DA:108,4
DA:109,4
DA:121,11
DA:122,11
DA:123,2
DA:124,2
DA:126,9
DA:136,15
DA:137,15
DA:139,15
DA:140,4
DA:143,11
DA:153,4
DA:154,4
DA:156,4
DA:157,1
DA:158,3
DA:159,1
DA:162,2
DA:188,2
DA:190,2
DA:228,0
DA:230,0
DA:232,0
DA:233,0
DA:235,0
DA:239,0
DA:240,0
DA:248,2
LF:74
LH:67
BRDA:47,0,0,0
BRDA:47,0,1,6
BRDA:47,1,0,6
BRDA:47,1,1,6
BRDA:56,2,0,1
BRDA:56,3,0,5
BRDA:56,3,1,4
BRDA:80,4,0,2
BRDA:80,4,1,2
BRDA:122,5,0,2
BRDA:137,6,0,15
BRDA:137,6,1,0
BRDA:139,7,0,4
BRDA:139,8,0,15
BRDA:139,8,1,15
BRDA:139,9,0,0
BRDA:139,9,1,15
BRDA:139,10,0,15
BRDA:139,10,1,15
BRDA:139,11,0,15
BRDA:139,11,1,4
BRDA:139,12,0,0
BRDA:139,12,1,15
BRDA:139,13,0,15
BRDA:139,13,1,15
BRDA:139,14,0,0
BRDA:139,14,1,4
BRDA:139,15,0,4
BRDA:139,15,1,4
BRDA:154,16,0,3
BRDA:154,16,1,1
BRDA:156,17,0,1
BRDA:156,17,1,3
BRDA:158,18,0,1
BRDA:180,19,0,0
BRDA:184,20,0,0
BRDA:186,21,0,0
BRDA:230,22,0,0
BRDA:230,22,1,0
BRDA:230,23,0,0
BRDA:230,23,1,0
BRDA:233,24,0,0
BRDA:233,24,1,0
BRDA:233,25,0,0
BRDA:233,25,1,0
BRF:45
BRH:29
end_of_record
TN:
SF:src/features/users/interfaces/user.interface.ts
FN:72,filterAllowedFields
FN:74,(anonymous_1)
FN:75,(anonymous_2)
FNF:3
FNH:0
FNDA:0,filterAllowedFields
FNDA:0,(anonymous_1)
FNDA:0,(anonymous_2)
DA:58,1
DA:72,1
DA:73,0
DA:74,0
DA:76,0
DA:77,0
LF:6
LH:2
BRF:0
BRH:0
end_of_record
TN:
SF:src/features/users/models/user.schema.ts
FN:103,(anonymous_0)
FNF:1
FNH:0
FNDA:0,(anonymous_0)
DA:1,1
DA:4,1
DA:98,1
DA:99,1
DA:100,1
DA:103,1
DA:104,0
DA:105,0
DA:107,0
DA:111,1
LF:10
LH:7
BRDA:104,0,0,0
BRF:1
BRH:0
end_of_record
TN:
SF:src/features/users/routes/userRoutes.ts
FN:10,(anonymous_1)
FN:14,(anonymous_2)
FNF:2
FNH:0
FNDA:0,(anonymous_1)
FNDA:0,(anonymous_2)
DA:1,0
DA:2,0
DA:3,0
DA:4,0
DA:11,0
DA:15,0
DA:16,0
DA:17,0
DA:18,0
DA:19,0
DA:22,0
DA:28,0
LF:12
LH:0
BRF:0
BRH:0
end_of_record
TN:
SF:src/features/users/schemes/userValidation.ts
FNF:0
FNH:0
DA:1,2
DA:2,2
DA:3,2
DA:6,2
DA:18,2
DA:24,2
DA:29,2
LF:7
LH:7
BRF:0
BRH:0
end_of_record
TN:
SF:src/mocks/auth.mock.ts
FN:7,(anonymous_0)
FN:14,(anonymous_1)
FNF:2
FNH:2
FNDA:20,(anonymous_0)
FNDA:20,(anonymous_1)
DA:7,20
DA:14,5
DA:15,20
DA:16,20
DA:17,20
DA:18,20
LF:6
LH:6
BRF:0
BRH:0
end_of_record
TN:
SF:src/mocks/product.mock.ts
FN:7,(anonymous_0)
FN:14,(anonymous_1)
FNF:2
FNH:2
FNDA:6,(anonymous_0)
FNDA:6,(anonymous_1)
DA:7,6
DA:14,1
DA:15,6
DA:16,6
DA:17,6
DA:18,6
LF:6
LH:6
BRF:0
BRH:0
end_of_record
TN:
SF:src/mocks/user.mock.ts
FN:7,(anonymous_0)
FN:14,(anonymous_1)
FNF:2
FNH:2
FNDA:17,(anonymous_0)
FNDA:17,(anonymous_1)
DA:7,17
DA:14,2
DA:15,17
DA:16,17
DA:17,17
DA:18,17
LF:6
LH:6
BRF:0
BRH:0
end_of_record
TN:
SF:src/shared/globals/helpers/auth-middleware.ts
FN:16,(anonymous_1)
FN:51,(anonymous_2)
FNF:2
FNH:0
FNDA:0,(anonymous_1)
FNDA:0,(anonymous_2)
DA:2,0
DA:3,0
DA:4,0
DA:7,0
DA:18,0
DA:19,0
DA:22,0
DA:24,0
DA:30,0
DA:33,0
DA:35,0
DA:38,0
DA:39,0
DA:42,0
DA:43,0
DA:47,0
DA:52,0
DA:53,0
DA:55,0
DA:59,0
LF:20
LH:0
BRDA:18,0,0,0
BRDA:18,1,0,0
BRDA:18,1,1,0
BRDA:18,2,0,0
BRDA:18,2,1,0
BRDA:38,3,0,0
BRDA:42,4,0,0
BRDA:52,5,0,0
BRF:8
BRH:0
end_of_record
TN:
SF:src/shared/globals/helpers/cloudinary-upload.ts
FN:7,(anonymous_7)
FN:14,(anonymous_8)
FN:23,(anonymous_9)
FN:43,(anonymous_10)
FN:47,uploadProductImages
FN:56,(anonymous_13)
FN:56,(anonymous_14)
FN:83,(anonymous_15)
FN:90,(anonymous_16)
FN:91,(anonymous_17)
FNF:10
FNH:0
FNDA:0,(anonymous_7)
FNDA:0,(anonymous_8)
FNDA:0,(anonymous_9)
FNDA:0,(anonymous_10)
FNDA:0,uploadProductImages
FNDA:0,(anonymous_13)
FNDA:0,(anonymous_14)
FNDA:0,(anonymous_15)
FNDA:0,(anonymous_16)
FNDA:0,(anonymous_17)
DA:1,1
DA:2,1
DA:5,1
DA:7,1
DA:14,0
DA:15,0
DA:24,0
DA:25,0
DA:27,0
DA:28,0
DA:33,0
DA:35,0
DA:43,1
DA:44,0
DA:47,1
DA:51,0
DA:52,0
DA:55,0
DA:56,0
DA:57,0
DA:58,0
DA:62,0
DA:63,0
DA:64,0
DA:67,0
DA:69,0
DA:74,0
DA:75,0
DA:80,0
DA:83,0
DA:84,0
DA:88,0
DA:89,0
DA:90,0
DA:91,0
DA:94,0
DA:98,0
DA:100,0
DA:101,0
LF:39
LH:6
BRDA:24,0,0,0
BRDA:27,1,0,0
BRDA:51,2,0,0
BRDA:51,3,0,0
BRDA:51,3,1,0
BRDA:62,4,0,0
BRDA:62,5,0,0
BRDA:62,5,1,0
BRDA:62,6,0,0
BRDA:62,6,1,0
BRDA:88,7,0,0
BRDA:101,8,0,0
BRDA:101,8,1,0
BRF:13
BRH:0
end_of_record
TN:
SF:src/shared/globals/helpers/error-handlers.ts
FN:20,(anonymous_1)
FN:24,(anonymous_2)
FN:37,(anonymous_3)
FN:46,(anonymous_4)
FN:55,(anonymous_5)
FN:64,(anonymous_6)
FN:73,(anonymous_7)
FN:82,(anonymous_8)
FNF:8
FNH:6
FNDA:27,(anonymous_1)
FNDA:0,(anonymous_2)
FNDA:10,(anonymous_3)
FNDA:7,(anonymous_4)
FNDA:2,(anonymous_5)
FNDA:6,(anonymous_6)
FNDA:0,(anonymous_7)
FNDA:2,(anonymous_8)
DA:1,6
DA:16,6
DA:21,27
DA:25,0
DA:33,6
DA:34,10
DA:35,10
DA:38,10
DA:42,6
DA:43,7
DA:44,7
DA:47,7
DA:51,6
DA:52,2
DA:53,2
DA:56,2
DA:60,6
DA:61,6
DA:62,6
DA:65,6
DA:69,6
DA:70,0
DA:71,0
DA:74,0
DA:78,6
DA:79,2
DA:80,2
DA:83,2
LF:28
LH:24
BRF:0
BRH:0
end_of_record
TN:
SF:src/shared/globals/helpers/limiters.ts
FNF:0
FNH:0
DA:1,0
DA:3,0
DA:9,0
DA:15,0
LF:4
LH:0
BRF:0
BRH:0
end_of_record
TN:
SF:src/shared/globals/helpers/utils.ts
FN:6,(anonymous_1)
FN:12,(anonymous_2)
FN:16,(anonymous_3)
FN:20,(anonymous_4)
FN:30,(anonymous_5)
FN:40,(anonymous_6)
FN:50,(anonymous_7)
FN:54,(anonymous_8)
FN:57,(anonymous_9)
FN:65,(anonymous_10)
FNF:10
FNH:9
FNDA:13,(anonymous_1)
FNDA:26,(anonymous_2)
FNDA:4,(anonymous_3)
FNDA:10,(anonymous_4)
FNDA:6,(anonymous_5)
FNDA:1,(anonymous_6)
FNDA:95,(anonymous_7)
FNDA:0,(anonymous_8)
FNDA:81,(anonymous_9)
FNDA:7,(anonymous_10)
DA:2,5
DA:3,5
DA:5,5
DA:7,13
DA:9,13
DA:12,26
DA:17,4
DA:21,10
DA:22,0
DA:24,10
DA:25,10
DA:27,10
DA:34,6
DA:35,6
DA:36,5
DA:38,1
DA:39,1
DA:41,1
DA:42,1
DA:46,0
DA:51,95
DA:52,78
DA:53,17
DA:54,0
DA:55,17
DA:56,17
DA:57,17
DA:58,81
DA:60,17
DA:62,0
DA:67,7
DA:70,7
DA:72,7
DA:73,0
DA:77,7
DA:78,7
DA:79,7
DA:80,1
DA:84,6
DA:85,6
DA:86,0
DA:89,6
DA:93,0
DA:94,0
DA:96,0
DA:97,0
DA:100,0
DA:101,0
DA:104,0
DA:108,0
LF:50
LH:36
BRDA:7,0,0,0
BRDA:21,1,0,0
BRDA:38,2,0,1
BRDA:41,3,0,1
BRDA:41,3,1,0
BRDA:51,4,0,78
BRDA:51,4,1,17
BRDA:53,5,0,0
BRDA:53,5,1,17
BRDA:55,6,0,17
BRDA:55,7,0,17
BRDA:55,7,1,17
BRDA:72,8,0,0
BRDA:77,9,0,7
BRDA:79,10,0,1
BRDA:85,11,0,0
BRDA:93,12,0,0
BRDA:96,13,0,0
BRDA:100,14,0,0
BRF:19
BRH:10
end_of_record
TN:
SF:src/shared/services/db/auth.service.ts
FN:10,(anonymous_7)
FN:14,(anonymous_9)
FN:21,(anonymous_11)
FN:30,(anonymous_13)
FN:40,(anonymous_15)
FN:51,(anonymous_17)
FN:61,(anonymous_19)
FN:66,(anonymous_21)
FNF:8
FNH:0
FNDA:0,(anonymous_7)
FNDA:0,(anonymous_9)
FNDA:0,(anonymous_11)
FNDA:0,(anonymous_13)
FNDA:0,(anonymous_15)
FNDA:0,(anonymous_17)
FNDA:0,(anonymous_19)
FNDA:0,(anonymous_21)
DA:2,1
DA:4,1
DA:5,1
DA:11,0
DA:15,0
DA:22,0
DA:26,0
DA:27,0
DA:32,0
DA:36,0
DA:37,0
DA:41,0
DA:47,0
DA:48,0
DA:53,0
DA:54,0
DA:55,0
DA:57,0
DA:58,0
DA:62,0
DA:63,0
DA:67,0
DA:71,0
DA:76,1
LF:24
LH:4
BRDA:27,0,0,0
BRDA:27,0,1,0
BRDA:37,1,0,0
BRDA:37,1,1,0
BRDA:48,2,0,0
BRDA:48,2,1,0
BRDA:54,3,0,0
BRDA:58,4,0,0
BRDA:58,4,1,0
BRDA:63,5,0,0
BRDA:63,5,1,0
BRDA:71,6,0,0
BRDA:71,6,1,0
BRF:13
BRH:0
end_of_record
TN:
SF:src/shared/services/db/business.service.ts
FN:7,(anonymous_7)
FN:11,(anonymous_9)
FN:16,(anonymous_11)
FNF:3
FNH:0
FNDA:0,(anonymous_7)
FNDA:0,(anonymous_9)
FNDA:0,(anonymous_11)
DA:2,1
DA:8,0
DA:12,0
DA:13,0
DA:17,0
DA:27,1
LF:6
LH:2
BRF:0
BRH:0
end_of_record
TN:
SF:src/shared/services/db/productService.ts
FN:7,(anonymous_7)
FN:11,(anonymous_9)
FNF:2
FNH:0
FNDA:0,(anonymous_7)
FNDA:0,(anonymous_9)
DA:2,0
DA:8,0
DA:12,0
DA:13,0
DA:20,0
LF:5
LH:0
BRDA:13,0,0,0
BRDA:13,0,1,0
BRF:2
BRH:0
end_of_record
TN:
SF:src/shared/services/db/user.service.ts
FN:7,(anonymous_7)
FN:11,(anonymous_9)
FN:16,(anonymous_11)
FN:21,(anonymous_13)
FN:27,(anonymous_15)
FN:34,(anonymous_17)
FN:38,(anonymous_19)
FNF:7
FNH:0
FNDA:0,(anonymous_7)
FNDA:0,(anonymous_9)
FNDA:0,(anonymous_11)
FNDA:0,(anonymous_13)
FNDA:0,(anonymous_15)
FNDA:0,(anonymous_17)
FNDA:0,(anonymous_19)
DA:2,0
DA:8,0
DA:12,0
DA:13,0
DA:17,0
DA:18,0
DA:22,0
DA:28,0
DA:31,0
DA:35,0
DA:39,0
DA:47,0
LF:12
LH:0
BRF:0
BRH:0
end_of_record
TN:
SF:src/shared/services/emails/mail.transport.ts
FN:19,(anonymous_8)
FN:28,(anonymous_10)
FN:57,(anonymous_12)
FNF:3
FNH:0
FNDA:0,(anonymous_8)
FNDA:0,(anonymous_10)
FNDA:0,(anonymous_12)
DA:1,0
DA:3,0
DA:4,0
DA:5,0
DA:14,0
DA:15,0
DA:20,0
DA:21,0
DA:23,0
DA:29,0
DA:39,0
DA:46,0
DA:47,0
DA:48,0
DA:51,0
DA:52,0
DA:59,0
DA:66,0
DA:67,0
DA:68,0
DA:70,0
DA:71,0
DA:77,0
LF:23
LH:0
BRDA:20,0,0,0
BRDA:20,0,1,0
BRDA:20,1,0,0
BRDA:20,1,1,0
BRF:4
BRH:0
end_of_record
TN:
SF:src/shared/services/emails/templates/forgot-password/forgot-password-template.ts
FN:5,(anonymous_1)
FNF:1
FNH:1
FNDA:2,(anonymous_1)
DA:1,1
DA:2,1
DA:6,2
DA:15,1
LF:4
LH:4
BRF:0
BRH:0
end_of_record
TN:
SF:src/shared/services/emails/templates/reset-password/reset-password-template.ts
FN:13,(anonymous_1)
FNF:1
FNH:1
FNDA:2,(anonymous_1)
DA:1,1
DA:2,1
DA:14,2
DA:15,2
DA:26,1
LF:5
LH:5
BRF:0
BRH:0
end_of_record
TN:
SF:src/shared/services/queues/auth.queue.ts
FN:7,(anonymous_0)
FN:12,(anonymous_1)
FNF:2
FNH:1
FNDA:1,(anonymous_0)
FNDA:0,(anonymous_1)
DA:2,1
DA:3,1
DA:8,1
DA:9,1
DA:13,0
DA:19,1
LF:6
LH:5
BRF:0
BRH:0
end_of_record
TN:
SF:src/shared/services/queues/base.queue.ts
FN:28,(anonymous_1)
FN:42,(anonymous_2)
FN:46,(anonymous_3)
FN:50,(anonymous_4)
FN:55,(anonymous_5)
FN:62,(anonymous_6)
FNF:6
FNH:2
FNDA:3,(anonymous_1)
FNDA:0,(anonymous_2)
FNDA:0,(anonymous_3)
FNDA:0,(anonymous_4)
FNDA:0,(anonymous_5)
FNDA:4,(anonymous_6)
DA:1,1
DA:3,1
DA:4,1
DA:5,1
DA:6,1
DA:20,1
DA:24,1
DA:29,3
DA:30,3
DA:31,3
DA:32,3
DA:33,3
DA:35,3
DA:40,3
DA:42,3
DA:43,0
DA:46,3
DA:47,0
DA:50,3
DA:51,0
DA:56,0
DA:63,4
LF:22
LH:18
BRF:0
BRH:0
end_of_record
TN:
SF:src/shared/services/queues/business.queue.ts
FN:7,(anonymous_0)
FN:14,(anonymous_1)
FN:18,(anonymous_2)
FNF:3
FNH:1
FNDA:1,(anonymous_0)
FNDA:0,(anonymous_1)
FNDA:0,(anonymous_2)
DA:2,1
DA:3,1
DA:8,1
DA:9,1
DA:10,1
DA:15,0
DA:19,0
DA:25,1
LF:8
LH:6
BRF:0
BRH:0
end_of_record
TN:
SF:src/shared/services/queues/email.queue.ts
FN:6,(anonymous_0)
FN:11,(anonymous_1)
FNF:2
FNH:0
FNDA:0,(anonymous_0)
FNDA:0,(anonymous_1)
DA:2,0
DA:3,0
DA:7,0
DA:8,0
DA:12,0
DA:17,0
LF:6
LH:0
BRF:0
BRH:0
end_of_record
TN:
SF:src/shared/services/queues/product.queue.ts
FN:8,(anonymous_0)
FN:13,(anonymous_1)
FNF:2
FNH:0
FNDA:0,(anonymous_0)
FNDA:0,(anonymous_1)
DA:2,0
DA:3,0
DA:9,0
DA:10,0
DA:14,0
DA:19,0
LF:6
LH:0
BRF:0
BRH:0
end_of_record
TN:
SF:src/shared/services/queues/user.queue.ts
FN:7,(anonymous_0)
FN:12,(anonymous_1)
FNF:2
FNH:1
FNDA:1,(anonymous_0)
FNDA:0,(anonymous_1)
DA:2,1
DA:3,1
DA:8,1
DA:9,1
DA:13,0
DA:19,1
LF:6
LH:5
BRF:0
BRH:0
end_of_record
TN:
SF:src/shared/services/redis/base.cache.ts
FN:13,(anonymous_0)
FN:19,(anonymous_1)
FN:20,(anonymous_2)
FNF:3
FNH:2
FNDA:1,(anonymous_0)
FNDA:1,(anonymous_1)
FNDA:0,(anonymous_2)
DA:1,1
DA:3,1
DA:8,1
DA:14,1
DA:15,1
DA:16,1
DA:20,1
DA:21,0
LF:8
LH:7
BRF:0
BRH:0
end_of_record
TN:
SF:src/shared/services/redis/business.cache.ts
FN:10,(anonymous_7)
FN:14,(anonymous_8)
FN:85,(anonymous_10)
FNF:3
FNH:1
FNDA:1,(anonymous_7)
FNDA:0,(anonymous_8)
FNDA:0,(anonymous_10)
DA:2,1
DA:4,1
DA:5,1
DA:7,1
DA:11,1
DA:19,0
DA:38,0
DA:40,0
DA:47,0
DA:57,0
DA:67,0
DA:68,0
DA:69,0
DA:70,0
DA:71,0
DA:73,0
DA:74,0
DA:76,0
DA:79,0
DA:80,0
DA:86,0
DA:87,0
DA:88,0
DA:91,0
DA:93,0
DA:94,0
DA:98,0
DA:119,0
DA:121,0
DA:122,0
DA:130,1
LF:31
LH:6
BRDA:42,0,0,0
BRDA:42,0,1,0
BRDA:43,1,0,0
BRDA:43,1,1,0
BRDA:44,2,0,0
BRDA:44,2,1,0
BRDA:48,3,0,0
BRDA:48,3,1,0
BRDA:49,4,0,0
BRDA:49,4,1,0
BRDA:50,5,0,0
BRDA:50,5,1,0
BRDA:51,6,0,0
BRDA:51,6,1,0
BRDA:52,7,0,0
BRDA:52,7,1,0
BRDA:53,8,0,0
BRDA:53,8,1,0
BRDA:54,9,0,0
BRDA:54,9,1,0
BRDA:58,10,0,0
BRDA:58,10,1,0
BRDA:59,11,0,0
BRDA:59,11,1,0
BRDA:60,12,0,0
BRDA:60,12,1,0
BRDA:61,13,0,0
BRDA:61,13,1,0
BRDA:62,14,0,0
BRDA:62,14,1,0
BRDA:63,15,0,0
BRDA:63,15,1,0
BRDA:70,16,0,0
BRDA:87,17,0,0
BRDA:93,18,0,0
BRDA:100,19,0,0
BRDA:100,19,1,0
BRDA:101,20,0,0
BRDA:101,20,1,0
BRDA:102,21,0,0
BRDA:102,21,1,0
BRDA:106,22,0,0
BRDA:106,22,1,0
BRDA:109,23,0,0
BRDA:109,23,1,0
BRDA:111,24,0,0
BRDA:111,24,1,0
BRF:47
BRH:0
end_of_record
TN:
SF:src/shared/services/redis/redis.connection.ts
FN:8,(anonymous_7)
FN:12,(anonymous_8)
FNF:2
FNH:0
FNDA:0,(anonymous_7)
FNDA:0,(anonymous_8)
DA:2,0
DA:3,0
DA:5,0
DA:9,0
DA:13,0
DA:14,0
DA:15,0
DA:16,0
DA:18,0
DA:23,0
LF:10
LH:0
BRF:0
BRH:0
end_of_record
TN:
SF:src/shared/services/redis/user.cache.ts
FN:10,(anonymous_7)
FN:14,(anonymous_8)
FN:88,(anonymous_10)
FNF:3
FNH:0
FNDA:0,(anonymous_7)
FNDA:0,(anonymous_8)
FNDA:0,(anonymous_10)
DA:1,0
DA:3,0
DA:4,0
DA:7,0
DA:11,0
DA:19,0
DA:40,0
DA:42,0
DA:57,0
DA:65,0
DA:71,0
DA:72,0
DA:74,0
DA:75,0
DA:76,0
DA:79,0
DA:80,0
DA:81,0
DA:83,0
DA:84,0
DA:89,0
DA:90,0
DA:91,0
DA:94,0
DA:96,0
DA:97,0
DA:100,0
DA:123,0
DA:125,0
DA:126,0
DA:131,0
LF:31
LH:0
BRDA:45,0,0,0
BRDA:45,0,1,0
BRDA:47,1,0,0
BRDA:47,1,1,0
BRDA:48,2,0,0
BRDA:48,2,1,0
BRDA:49,3,0,0
BRDA:49,3,1,0
BRDA:50,4,0,0
BRDA:50,4,1,0
BRDA:51,5,0,0
BRDA:51,5,1,0
BRDA:52,6,0,0
BRDA:52,6,1,0
BRDA:53,7,0,0
BRDA:53,7,1,0
BRDA:54,8,0,0
BRDA:54,8,1,0
BRDA:54,9,0,0
BRDA:54,9,1,0
BRDA:54,10,0,0
BRDA:54,10,1,0
BRDA:58,11,0,0
BRDA:58,11,1,0
BRDA:59,12,0,0
BRDA:59,12,1,0
BRDA:60,13,0,0
BRDA:60,13,1,0
BRDA:61,14,0,0
BRDA:61,14,1,0
BRDA:62,15,0,0
BRDA:62,15,1,0
BRDA:67,16,0,0
BRDA:67,16,1,0
BRDA:68,17,0,0
BRDA:68,17,1,0
BRDA:75,18,0,0
BRDA:90,19,0,0
BRDA:96,20,0,0
BRDA:102,21,0,0
BRDA:102,21,1,0
BRDA:103,22,0,0
BRDA:103,22,1,0
BRDA:105,23,0,0
BRDA:105,23,1,0
BRDA:106,24,0,0
BRDA:106,24,1,0
BRDA:107,25,0,0
BRDA:107,25,1,0
BRDA:108,26,0,0
BRDA:108,26,1,0
BRDA:109,27,0,0
BRDA:109,27,1,0
BRDA:110,28,0,0
BRDA:110,28,1,0
BRDA:111,29,0,0
BRDA:111,29,1,0
BRDA:113,30,0,0
BRDA:113,30,1,0
BRDA:114,31,0,0
BRDA:114,31,1,0
BRDA:115,32,0,0
BRDA:115,32,1,0
BRDA:116,33,0,0
BRDA:116,33,1,0
BRDA:117,34,0,0
BRDA:117,34,1,0
BRDA:118,35,0,0
BRDA:118,35,1,0
BRDA:119,36,0,0
BRDA:119,36,1,0
BRDA:120,37,0,0
BRDA:120,37,1,0
BRF:73
BRH:0
end_of_record
TN:
SF:src/shared/workers/auth.worker.ts
FN:9,(anonymous_7)
FNF:1
FNH:0
FNDA:0,(anonymous_7)
DA:2,1
DA:3,1
DA:5,1
DA:11,0
DA:12,0
DA:13,0
DA:14,0
DA:15,0
DA:18,0
DA:19,0
DA:25,1
LF:11
LH:4
BRF:0
BRH:0
end_of_record
TN:
SF:src/shared/workers/business.worker.ts
FN:13,(anonymous_7)
FN:29,(anonymous_9)
FNF:2
FNH:0
FNDA:0,(anonymous_7)
FNDA:0,(anonymous_9)
DA:3,1
DA:4,1
DA:9,1
DA:15,0
DA:16,0
DA:17,0
DA:18,0
DA:19,0
DA:22,0
DA:23,0
DA:31,0
DA:32,0
DA:33,0
DA:34,0
DA:35,0
DA:38,0
DA:39,0
DA:45,1
LF:18
LH:4
BRF:0
BRH:0
end_of_record
TN:
SF:src/shared/workers/email.worker.ts
FN:13,(anonymous_7)
FNF:1
FNH:0
FNDA:0,(anonymous_7)
DA:3,0
DA:4,0
DA:9,0
DA:15,0
DA:16,0
DA:17,0
DA:18,0
DA:19,0
DA:22,0
DA:23,0
DA:29,0
LF:11
LH:0
BRF:0
BRH:0
end_of_record
TN:
SF:src/shared/workers/product.worker.ts
FN:9,(anonymous_7)
FNF:1
FNH:0
FNDA:0,(anonymous_7)
DA:2,0
DA:3,0
DA:5,0
DA:11,0
DA:12,0
DA:13,0
DA:14,0
DA:15,0
DA:18,0
DA:19,0
DA:24,0
LF:11
LH:0
BRF:0
BRH:0
end_of_record
TN:
SF:src/shared/workers/user.worker.ts
FN:12,(anonymous_7)
FNF:1
FNH:0
FNDA:0,(anonymous_7)
DA:3,1
DA:4,1
DA:8,1
DA:14,0
DA:15,0
DA:16,0
DA:17,0
DA:18,0
DA:21,0
DA:22,0
DA:28,1
LF:11
LH:4
BRF:0
BRH:0
end_of_record
