TN:
SF:src/app.ts
FN:7,(anonymous_1)
FN:15,(anonymous_2)
FNF:2
FNH:0
FNDA:0,(anonymous_1)
FNDA:0,(anonymous_2)
DA:1,0
DA:2,0
DA:3,0
DA:4,0
DA:8,0
DA:9,0
DA:10,0
DA:11,0
DA:12,0
DA:16,0
DA:17,0
DA:21,0
DA:22,0
LF:13
LH:0
BRF:0
BRH:0
end_of_record
TN:
SF:src/config.ts
FN:24,(anonymous_1)
FN:41,(anonymous_2)
FN:45,(anonymous_3)
FN:53,(anonymous_4)
FNF:4
FNH:2
FNDA:1,(anonymous_1)
FNDA:1,(anonymous_2)
FNDA:0,(anonymous_3)
FNDA:0,(anonymous_4)
DA:1,1
DA:2,1
DA:3,1
DA:5,1
DA:25,1
DA:26,1
DA:27,1
DA:28,1
DA:29,1
DA:30,1
DA:31,1
DA:32,1
DA:33,1
DA:34,1
DA:35,1
DA:36,1
DA:37,1
DA:38,1
DA:42,1
DA:46,0
DA:47,0
DA:48,0
DA:54,0
DA:63,1
LF:24
LH:20
BRDA:47,0,0,0
BRF:1
BRH:0
end_of_record
TN:
SF:src/routes.ts
FN:12,(anonymous_0)
FN:13,(anonymous_1)
FNF:2
FNH:0
FNDA:0,(anonymous_0)
FNDA:0,(anonymous_1)
DA:1,0
DA:2,0
DA:3,0
DA:4,0
DA:6,0
DA:7,0
DA:8,0
DA:10,0
DA:12,0
DA:13,0
DA:15,0
DA:16,0
DA:17,0
DA:18,0
DA:20,0
DA:21,0
DA:22,0
DA:25,0
LF:18
LH:0
BRF:0
BRH:0
end_of_record
TN:
SF:src/setupDatabase.ts
FN:9,(anonymous_1)
FN:10,(anonymous_2)
FN:13,(anonymous_3)
FN:17,(anonymous_4)
FNF:4
FNH:0
FNDA:0,(anonymous_1)
FNDA:0,(anonymous_2)
FNDA:0,(anonymous_3)
FNDA:0,(anonymous_4)
DA:1,0
DA:2,0
DA:4,0
DA:6,0
DA:7,0
DA:9,0
DA:10,0
DA:11,0
DA:14,0
DA:15,0
DA:18,0
DA:19,0
DA:22,0
DA:24,0
LF:14
LH:0
BRF:0
BRH:0
end_of_record
TN:
SF:src/setupServer.ts
FN:21,(anonymous_8)
FN:25,(anonymous_9)
FN:33,(anonymous_10)
FN:39,(anonymous_11)
FN:43,(anonymous_12)
FN:64,(anonymous_13)
FN:65,(anonymous_14)
FN:69,(anonymous_15)
FN:79,(anonymous_16)
FN:92,(anonymous_18)
FN:94,(anonymous_19)
FNF:11
FNH:0
FNDA:0,(anonymous_8)
FNDA:0,(anonymous_9)
FNDA:0,(anonymous_10)
FNDA:0,(anonymous_11)
FNDA:0,(anonymous_12)
FNDA:0,(anonymous_13)
FNDA:0,(anonymous_14)
FNDA:0,(anonymous_15)
FNDA:0,(anonymous_16)
FNDA:0,(anonymous_18)
FNDA:0,(anonymous_19)
DA:1,0
DA:2,0
DA:3,0
DA:4,0
DA:5,0
DA:6,0
DA:7,0
DA:8,0
DA:9,0
DA:11,0
DA:12,0
DA:14,0
DA:16,0
DA:18,0
DA:22,0
DA:26,0
DA:27,0
DA:28,0
DA:29,0
DA:30,0
DA:34,0
DA:35,0
DA:36,0
DA:40,0
DA:44,0
DA:52,0
DA:53,0
DA:54,0
DA:65,0
DA:66,0
DA:69,0
DA:70,0
DA:71,0
DA:72,0
DA:73,0
DA:75,0
DA:80,0
DA:81,0
DA:83,0
DA:86,0
DA:94,0
DA:95,0
LF:42
LH:0
BRDA:71,0,0,0
BRF:1
BRH:0
end_of_record
TN:
SF:src/docs/swagger.ts
FNF:0
FNH:0
DA:1,0
DA:2,0
DA:3,0
DA:5,0
DA:20,0
DA:25,0
DA:28,0
DA:29,0
DA:31,0
LF:9
LH:0
BRF:0
BRH:0
end_of_record
TN:
SF:src/features/auth/controllers/current-user.ts
FN:15,(anonymous_8)
FNF:1
FNH:0
FNDA:0,(anonymous_8)
DA:1,0
DA:2,0
DA:5,0
DA:6,0
DA:16,0
DA:17,0
DA:18,0
DA:20,0
DA:22,0
DA:25,0
DA:26,0
DA:27,0
DA:28,0
DA:45,0
DA:50,0
LF:15
LH:0
BRDA:20,0,0,0
BRDA:20,0,1,0
BRDA:20,1,0,0
BRDA:20,1,1,0
BRDA:22,2,0,0
BRDA:22,2,1,0
BRDA:23,3,0,0
BRDA:23,3,1,0
BRDA:23,4,0,0
BRDA:23,4,1,0
BRDA:25,5,0,0
BRDA:27,6,0,0
BRDA:27,6,1,0
BRDA:27,7,0,0
BRDA:27,7,1,0
BRF:15
BRH:0
end_of_record
TN:
SF:src/features/auth/controllers/login.ts
FN:19,(anonymous_8)
FN:30,(anonymous_9)
FNF:2
FNH:0
FNDA:0,(anonymous_8)
FNDA:0,(anonymous_9)
DA:1,0
DA:2,0
DA:3,0
DA:4,0
DA:7,0
DA:8,0
DA:11,0
DA:12,0
DA:13,0
DA:15,0
DA:20,0
DA:32,0
DA:33,0
DA:34,0
DA:35,0
DA:38,0
DA:39,0
DA:41,0
DA:42,0
DA:43,0
DA:44,0
DA:47,0
DA:48,0
DA:49,0
DA:50,0
DA:53,0
DA:56,0
DA:65,0
DA:67,0
DA:70,0
DA:81,0
LF:31
LH:0
BRDA:33,0,0,0
BRDA:42,1,0,0
BRDA:48,2,0,0
BRF:3
BRH:0
end_of_record
TN:
SF:src/features/auth/controllers/logout.ts
FN:11,(anonymous_8)
FNF:1
FNH:0
FNDA:0,(anonymous_8)
DA:1,0
DA:12,0
DA:13,0
DA:18,0
LF:4
LH:0
BRF:0
BRH:0
end_of_record
TN:
SF:src/features/auth/controllers/password.ts
FN:20,(anonymous_8)
FN:31,(anonymous_9)
FN:73,(anonymous_11)
FNF:3
FNH:0
FNDA:0,(anonymous_8)
FNDA:0,(anonymous_9)
FNDA:0,(anonymous_11)
DA:2,0
DA:3,0
DA:4,0
DA:5,0
DA:6,0
DA:8,0
DA:9,0
DA:10,0
DA:11,0
DA:12,0
DA:13,0
DA:14,0
DA:17,0
DA:21,0
DA:33,0
DA:34,0
DA:35,0
DA:36,0
DA:39,0
DA:40,0
DA:43,0
DA:44,0
DA:45,0
DA:46,0
DA:50,0
DA:51,0
DA:52,0
DA:55,0
DA:56,0
DA:57,0
DA:63,0
DA:75,0
DA:76,0
DA:77,0
DA:78,0
DA:81,0
DA:82,0
DA:83,0
DA:85,0
DA:88,0
DA:89,0
DA:90,0
DA:91,0
DA:95,0
DA:96,0
DA:98,0
DA:106,0
DA:107,0
DA:109,0
DA:116,0
LF:50
LH:0
BRDA:34,0,0,0
BRDA:44,1,0,0
BRDA:76,2,0,0
BRDA:89,3,0,0
BRF:4
BRH:0
end_of_record
TN:
SF:src/features/auth/controllers/register.ts
FN:27,(anonymous_8)
FN:37,(anonymous_9)
FN:169,(anonymous_11)
FN:188,(anonymous_12)
FN:226,(anonymous_13)
FN:297,(anonymous_14)
FNF:6
FNH:6
FNDA:1,(anonymous_8)
FNDA:6,(anonymous_9)
FNDA:1,(anonymous_11)
FNDA:4,(anonymous_12)
FNDA:3,(anonymous_13)
FNDA:3,(anonymous_14)
DA:1,1
DA:2,1
DA:4,1
DA:5,1
DA:7,1
DA:8,1
DA:9,1
DA:11,1
DA:13,1
DA:14,1
DA:15,1
DA:16,1
DA:17,1
DA:18,1
DA:19,1
DA:23,1
DA:25,1
DA:28,1
DA:38,6
DA:39,6
DA:42,6
DA:43,6
DA:44,1
DA:45,1
DA:49,5
DA:60,5
DA:63,5
DA:64,5
DA:65,1
DA:66,1
DA:70,4
DA:71,4
DA:72,4
DA:73,4
DA:74,4
DA:77,4
DA:92,4
DA:93,1
DA:94,1
DA:98,3
DA:104,3
DA:105,3
DA:107,3
DA:108,2
DA:109,2
DA:112,1
DA:115,1
DA:119,1
DA:124,1
DA:128,1
DA:129,1
DA:132,1
DA:133,1
DA:134,1
DA:135,1
DA:136,1
DA:138,0
DA:139,0
DA:143,1
DA:144,1
DA:146,1
DA:149,1
DA:157,0
DA:158,0
DA:170,1
DA:201,4
DA:203,4
DA:236,3
DA:238,3
DA:298,3
DA:300,3
DA:334,1
LF:72
LH:68
BRDA:43,0,0,1
BRDA:64,1,0,1
BRDA:92,2,0,1
BRDA:92,3,0,4
BRDA:92,3,1,4
BRDA:104,4,0,3
BRDA:104,5,0,3
BRDA:104,5,1,3
BRDA:107,6,0,2
BRDA:107,7,0,2
BRDA:107,7,1,1
BRDA:107,8,0,3
BRDA:107,8,1,2
BRDA:260,9,0,3
BRDA:260,9,1,0
BRDA:260,10,0,3
BRDA:260,10,1,3
BRDA:260,11,0,0
BRDA:260,11,1,3
BRDA:260,12,0,3
BRDA:260,12,1,3
BRDA:303,13,0,3
BRDA:303,13,1,0
BRDA:303,14,0,3
BRDA:303,14,1,3
BRDA:303,15,0,0
BRDA:303,15,1,3
BRDA:303,16,0,3
BRDA:303,16,1,3
BRF:29
BRH:25
end_of_record
TN:
SF:src/features/auth/interfaces/auth.interface.ts
FN:13,(anonymous_0)
FN:24,(anonymous_1)
FNF:2
FNH:2
FNDA:1,(anonymous_0)
FNDA:1,(anonymous_1)
DA:13,1
DA:14,1
DA:15,1
DA:16,1
DA:17,1
DA:18,1
DA:19,1
DA:20,1
DA:21,1
DA:24,1
DA:25,1
DA:26,1
DA:27,1
DA:28,1
DA:29,1
DA:30,1
DA:31,1
DA:32,1
DA:33,1
DA:34,1
LF:20
LH:20
BRDA:13,0,0,1
BRDA:13,0,1,1
BRDA:24,1,0,1
BRDA:24,1,1,1
BRF:4
BRH:4
end_of_record
TN:
SF:src/features/auth/models/auth.schema.ts
FN:21,(anonymous_7)
FN:30,(anonymous_8)
FN:38,(anonymous_10)
FN:43,(anonymous_12)
FN:47,(anonymous_14)
FNF:5
FNH:0
FNDA:0,(anonymous_7)
FNDA:0,(anonymous_8)
FNDA:0,(anonymous_10)
FNDA:0,(anonymous_12)
FNDA:0,(anonymous_14)
DA:1,0
DA:3,0
DA:5,0
DA:7,0
DA:22,0
DA:23,0
DA:30,0
DA:31,0
DA:32,0
DA:33,0
DA:35,0
DA:38,0
DA:39,0
DA:40,0
DA:43,0
DA:44,0
DA:47,0
DA:48,0
DA:49,0
DA:50,0
DA:55,0
DA:56,0
LF:22
LH:0
BRDA:31,0,0,0
BRF:1
BRH:0
end_of_record
TN:
SF:src/features/auth/routes/authRoutes.ts
FN:12,(anonymous_1)
FN:16,(anonymous_2)
FN:25,(anonymous_3)
FNF:3
FNH:0
FNDA:0,(anonymous_1)
FNDA:0,(anonymous_2)
FNDA:0,(anonymous_3)
DA:1,0
DA:2,0
DA:3,0
DA:4,0
DA:5,0
DA:6,0
DA:13,0
DA:17,0
DA:18,0
DA:19,0
DA:20,0
DA:22,0
DA:26,0
DA:28,0
DA:32,0
LF:15
LH:0
BRF:0
BRH:0
end_of_record
TN:
SF:src/features/auth/routes/currentUserRoutes.ts
FN:9,(anonymous_1)
FN:13,(anonymous_2)
FNF:2
FNH:0
FNDA:0,(anonymous_1)
FNDA:0,(anonymous_2)
DA:1,0
DA:2,0
DA:3,0
DA:10,0
DA:14,0
DA:16,0
DA:22,0
LF:7
LH:0
BRF:0
BRH:0
end_of_record
TN:
SF:src/features/auth/schemes/authValidation.ts
FN:53,(anonymous_0)
FNF:1
FNH:0
FNDA:0,(anonymous_0)
DA:1,1
DA:2,1
DA:4,1
DA:13,1
DA:20,1
DA:29,1
DA:36,1
DA:48,1
DA:54,0
DA:55,0
DA:63,1
DA:65,1
LF:12
LH:10
BRDA:54,0,0,0
BRF:1
BRH:0
end_of_record
TN:
SF:src/features/business/interfaces/business.interface.ts
FN:57,(anonymous_0)
FNF:1
FNH:0
FNDA:0,(anonymous_0)
DA:57,0
DA:58,0
DA:59,0
DA:60,0
LF:4
LH:0
BRDA:57,0,0,0
BRDA:57,0,1,0
BRF:2
BRH:0
end_of_record
TN:
SF:src/features/business/models/business.schema.ts
FNF:0
FNH:0
DA:1,0
DA:2,0
DA:3,0
DA:5,0
DA:71,0
LF:5
LH:0
BRF:0
BRH:0
end_of_record
TN:
SF:src/features/inventory/controllers/products.ts
FN:25,(anonymous_8)
FN:36,(anonymous_9)
FN:125,(anonymous_11)
FNF:3
FNH:0
FNDA:0,(anonymous_8)
FNDA:0,(anonymous_9)
FNDA:0,(anonymous_11)
DA:1,0
DA:2,0
DA:3,0
DA:5,0
DA:6,0
DA:8,0
DA:9,0
DA:10,0
DA:11,0
DA:12,0
DA:13,0
DA:14,0
DA:17,0
DA:20,0
DA:26,0
DA:37,0
DA:38,0
DA:41,0
DA:42,0
DA:43,0
DA:44,0
DA:47,0
DA:48,0
DA:51,0
DA:52,0
DA:56,0
DA:59,0
DA:60,0
DA:61,0
DA:62,0
DA:67,0
DA:68,0
DA:71,0
DA:72,0
DA:73,0
DA:74,0
DA:78,0
DA:80,0
DA:81,0
DA:82,0
DA:83,0
DA:85,0
DA:89,0
DA:93,0
DA:94,0
DA:95,0
DA:97,0
DA:98,0
DA:101,0
DA:109,0
DA:110,0
DA:145,0
DA:147,0
DA:176,0
LF:54
LH:0
BRDA:42,0,0,0
BRDA:47,1,0,0
BRDA:47,1,1,0
BRDA:47,2,0,0
BRDA:47,2,1,0
BRDA:48,3,0,0
BRDA:48,3,1,0
BRDA:49,4,0,0
BRDA:49,4,1,0
BRDA:49,5,0,0
BRDA:49,5,1,0
BRDA:51,6,0,0
BRDA:51,7,0,0
BRDA:51,7,1,0
BRDA:51,8,0,0
BRDA:51,8,1,0
BRDA:60,9,0,0
BRDA:68,10,0,0
BRDA:68,10,1,0
BRDA:71,11,0,0
BRDA:71,11,1,0
BRDA:73,12,0,0
BRDA:80,13,0,0
BRDA:82,14,0,0
BRDA:82,14,1,0
BRDA:154,15,0,0
BRDA:154,15,1,0
BRDA:155,16,0,0
BRDA:155,16,1,0
BRDA:157,17,0,0
BRDA:157,17,1,0
BRDA:159,18,0,0
BRDA:159,18,1,0
BRDA:160,19,0,0
BRDA:160,19,1,0
BRDA:162,20,0,0
BRDA:162,20,1,0
BRDA:162,21,0,0
BRDA:162,21,1,0
BRDA:164,22,0,0
BRDA:164,22,1,0
BRDA:165,23,0,0
BRDA:165,23,1,0
BRDA:165,24,0,0
BRDA:165,24,1,0
BRDA:166,25,0,0
BRDA:166,25,1,0
BRDA:167,26,0,0
BRDA:167,26,1,0
BRF:49
BRH:0
end_of_record
TN:
SF:src/features/inventory/interfaces/products.interface.ts
FN:31,(anonymous_0)
FN:53,(anonymous_1)
FN:72,(anonymous_2)
FN:82,(anonymous_3)
FNF:4
FNH:0
FNDA:0,(anonymous_0)
FNDA:0,(anonymous_1)
FNDA:0,(anonymous_2)
FNDA:0,(anonymous_3)
DA:31,0
DA:32,0
DA:33,0
DA:34,0
DA:53,0
DA:54,0
DA:55,0
DA:56,0
DA:57,0
DA:58,0
DA:59,0
DA:60,0
DA:61,0
DA:62,0
DA:63,0
DA:64,0
DA:65,0
DA:66,0
DA:67,0
DA:68,0
DA:69,0
DA:72,0
DA:73,0
DA:74,0
DA:75,0
DA:76,0
DA:77,0
DA:78,0
DA:82,0
DA:83,0
DA:84,0
DA:85,0
DA:86,0
DA:87,0
DA:88,0
DA:89,0
DA:90,0
DA:91,0
DA:92,0
DA:93,0
DA:94,0
DA:95,0
DA:96,0
DA:97,0
DA:98,0
DA:99,0
DA:100,0
DA:101,0
DA:102,0
DA:105,0
DA:106,0
DA:107,0
DA:108,0
DA:109,0
DA:110,0
DA:111,0
DA:114,0
DA:115,0
LF:58
LH:0
BRDA:31,0,0,0
BRDA:31,0,1,0
BRDA:53,1,0,0
BRDA:53,1,1,0
BRDA:72,2,0,0
BRDA:72,2,1,0
BRDA:82,3,0,0
BRDA:82,3,1,0
BRF:8
BRH:0
end_of_record
TN:
SF:src/features/inventory/models/products.schema.ts
FNF:0
FNH:0
DA:1,0
DA:2,0
DA:4,0
DA:149,0
DA:150,0
DA:151,0
DA:152,0
DA:153,0
DA:154,0
DA:157,0
DA:159,0
LF:11
LH:0
BRF:0
BRH:0
end_of_record
TN:
SF:src/features/inventory/routes/productRoutes.ts
FN:9,(anonymous_1)
FN:13,(anonymous_2)
FNF:2
FNH:0
FNDA:0,(anonymous_1)
FNDA:0,(anonymous_2)
DA:1,0
DA:2,0
DA:3,0
DA:10,0
DA:14,0
DA:17,0
DA:23,0
LF:7
LH:0
BRF:0
BRH:0
end_of_record
TN:
SF:src/features/inventory/schemes/productValidation.ts
FNF:0
FNH:0
DA:1,0
DA:2,0
DA:5,0
DA:11,0
DA:23,0
LF:5
LH:0
BRF:0
BRH:0
end_of_record
TN:
SF:src/features/users/controllers/users.ts
FN:24,(anonymous_8)
FN:35,(anonymous_9)
FN:130,(anonymous_11)
FN:175,(anonymous_12)
FN:188,(anonymous_14)
FNF:5
FNH:0
FNDA:0,(anonymous_8)
FNDA:0,(anonymous_9)
FNDA:0,(anonymous_11)
FNDA:0,(anonymous_12)
FNDA:0,(anonymous_14)
DA:1,0
DA:2,0
DA:3,0
DA:5,0
DA:8,0
DA:9,0
DA:10,0
DA:11,0
DA:13,0
DA:14,0
DA:15,0
DA:16,0
DA:17,0
DA:20,0
DA:25,0
DA:36,0
DA:37,0
DA:40,0
DA:41,0
DA:42,0
DA:43,0
DA:46,0
DA:47,0
DA:50,0
DA:51,0
DA:55,0
DA:56,0
DA:59,0
DA:60,0
DA:61,0
DA:62,0
DA:66,0
DA:67,0
DA:70,0
DA:71,0
DA:72,0
DA:73,0
DA:77,0
DA:78,0
DA:79,0
DA:82,0
DA:95,0
DA:96,0
DA:105,0
DA:106,0
DA:107,0
DA:108,0
DA:109,0
DA:111,0
DA:112,0
DA:115,0
DA:117,0
DA:124,0
DA:125,0
DA:134,0
DA:136,0
DA:178,0
DA:179,0
DA:182,0
DA:183,0
DA:186,0
DA:187,0
DA:188,0
DA:191,0
DA:211,0
LF:65
LH:0
BRDA:41,0,0,0
BRDA:46,1,0,0
BRDA:46,1,1,0
BRDA:46,2,0,0
BRDA:46,2,1,0
BRDA:47,3,0,0
BRDA:47,3,1,0
BRDA:48,4,0,0
BRDA:48,4,1,0
BRDA:48,5,0,0
BRDA:48,5,1,0
BRDA:50,6,0,0
BRDA:50,7,0,0
BRDA:50,7,1,0
BRDA:50,8,0,0
BRDA:50,8,1,0
BRDA:50,9,0,0
BRDA:50,9,1,0
BRDA:50,10,0,0
BRDA:50,10,1,0
BRDA:50,11,0,0
BRDA:50,11,1,0
BRDA:50,12,0,0
BRDA:50,12,1,0
BRDA:50,13,0,0
BRDA:50,13,1,0
BRDA:50,14,0,0
BRDA:50,14,1,0
BRDA:60,15,0,0
BRDA:67,16,0,0
BRDA:67,16,1,0
BRDA:70,17,0,0
BRDA:70,17,1,0
BRDA:72,18,0,0
BRDA:92,19,0,0
BRDA:92,19,1,0
BRDA:130,20,0,0
BRDA:132,21,0,0
BRDA:133,22,0,0
BRDA:178,23,0,0
BRDA:178,23,1,0
BRDA:178,24,0,0
BRDA:178,24,1,0
BRDA:179,25,0,0
BRDA:179,25,1,0
BRDA:180,26,0,0
BRDA:180,26,1,0
BRDA:180,27,0,0
BRDA:180,27,1,0
BRDA:182,28,0,0
BRDA:182,29,0,0
BRDA:182,29,1,0
BRDA:182,30,0,0
BRDA:182,30,1,0
BRDA:182,31,0,0
BRDA:182,31,1,0
BRDA:182,32,0,0
BRDA:182,32,1,0
BRDA:182,33,0,0
BRDA:182,33,1,0
BRDA:182,34,0,0
BRDA:182,34,1,0
BRDA:182,35,0,0
BRDA:182,35,1,0
BRDA:182,36,0,0
BRDA:182,36,1,0
BRDA:187,37,0,0
BRF:67
BRH:0
end_of_record
TN:
SF:src/features/users/models/user.schema.ts
FN:103,(anonymous_0)
FNF:1
FNH:0
FNDA:0,(anonymous_0)
DA:1,0
DA:4,0
DA:98,0
DA:99,0
DA:100,0
DA:103,0
DA:104,0
DA:105,0
DA:107,0
DA:111,0
LF:10
LH:0
BRDA:104,0,0,0
BRF:1
BRH:0
end_of_record
TN:
SF:src/features/users/routes/userRoutes.ts
FN:9,(anonymous_1)
FN:13,(anonymous_2)
FNF:2
FNH:0
FNDA:0,(anonymous_1)
FNDA:0,(anonymous_2)
DA:1,0
DA:2,0
DA:3,0
DA:10,0
DA:14,0
DA:15,0
DA:18,0
DA:24,0
LF:8
LH:0
BRF:0
BRH:0
end_of_record
TN:
SF:src/features/users/schemes/userValidation.ts
FNF:0
FNH:0
DA:1,0
DA:2,0
DA:3,0
DA:6,0
LF:4
LH:0
BRF:0
BRH:0
end_of_record
TN:
SF:src/mocks/auth.mock.ts
FN:7,(anonymous_0)
FN:14,(anonymous_1)
FN:61,(anonymous_2)
FN:62,(anonymous_3)
FNF:4
FNH:2
FNDA:6,(anonymous_0)
FNDA:6,(anonymous_1)
FNDA:0,(anonymous_2)
FNDA:0,(anonymous_3)
DA:7,6
DA:14,1
DA:15,6
DA:16,6
DA:17,6
DA:18,6
DA:42,1
DA:51,1
DA:62,0
LF:9
LH:8
BRF:0
BRH:0
end_of_record
TN:
SF:src/shared/globals/helpers/auth-middleware.ts
FN:16,(anonymous_1)
FN:51,(anonymous_2)
FNF:2
FNH:0
FNDA:0,(anonymous_1)
FNDA:0,(anonymous_2)
DA:2,0
DA:3,0
DA:4,0
DA:7,0
DA:18,0
DA:19,0
DA:22,0
DA:24,0
DA:30,0
DA:33,0
DA:35,0
DA:38,0
DA:39,0
DA:42,0
DA:43,0
DA:47,0
DA:52,0
DA:53,0
DA:55,0
DA:59,0
LF:20
LH:0
BRDA:18,0,0,0
BRDA:18,1,0,0
BRDA:18,1,1,0
BRDA:18,2,0,0
BRDA:18,2,1,0
BRDA:38,3,0,0
BRDA:42,4,0,0
BRDA:52,5,0,0
BRF:8
BRH:0
end_of_record
TN:
SF:src/shared/globals/helpers/cloudinary-upload.ts
FN:7,(anonymous_7)
FN:14,(anonymous_8)
FN:23,(anonymous_9)
FN:43,(anonymous_10)
FN:47,uploadProductImages
FN:56,(anonymous_13)
FN:56,(anonymous_14)
FN:83,(anonymous_15)
FN:90,(anonymous_16)
FN:91,(anonymous_17)
FNF:10
FNH:0
FNDA:0,(anonymous_7)
FNDA:0,(anonymous_8)
FNDA:0,(anonymous_9)
FNDA:0,(anonymous_10)
FNDA:0,uploadProductImages
FNDA:0,(anonymous_13)
FNDA:0,(anonymous_14)
FNDA:0,(anonymous_15)
FNDA:0,(anonymous_16)
FNDA:0,(anonymous_17)
DA:1,0
DA:2,0
DA:5,0
DA:7,0
DA:14,0
DA:15,0
DA:24,0
DA:25,0
DA:27,0
DA:28,0
DA:33,0
DA:35,0
DA:43,0
DA:44,0
DA:47,0
DA:51,0
DA:52,0
DA:55,0
DA:56,0
DA:57,0
DA:58,0
DA:62,0
DA:63,0
DA:64,0
DA:67,0
DA:69,0
DA:74,0
DA:75,0
DA:80,0
DA:83,0
DA:84,0
DA:88,0
DA:89,0
DA:90,0
DA:91,0
DA:94,0
DA:98,0
DA:100,0
DA:101,0
LF:39
LH:0
BRDA:24,0,0,0
BRDA:27,1,0,0
BRDA:51,2,0,0
BRDA:51,3,0,0
BRDA:51,3,1,0
BRDA:62,4,0,0
BRDA:62,5,0,0
BRDA:62,5,1,0
BRDA:62,6,0,0
BRDA:62,6,1,0
BRDA:88,7,0,0
BRDA:101,8,0,0
BRDA:101,8,1,0
BRF:13
BRH:0
end_of_record
TN:
SF:src/shared/globals/helpers/error-handlers.ts
FN:20,(anonymous_1)
FN:24,(anonymous_2)
FN:37,(anonymous_3)
FN:46,(anonymous_4)
FN:55,(anonymous_5)
FN:64,(anonymous_6)
FN:73,(anonymous_7)
FN:82,(anonymous_8)
FNF:8
FNH:3
FNDA:5,(anonymous_1)
FNDA:0,(anonymous_2)
FNDA:4,(anonymous_3)
FNDA:1,(anonymous_4)
FNDA:0,(anonymous_5)
FNDA:0,(anonymous_6)
FNDA:0,(anonymous_7)
FNDA:0,(anonymous_8)
DA:1,1
DA:16,1
DA:21,5
DA:25,0
DA:33,1
DA:34,4
DA:35,4
DA:38,4
DA:42,1
DA:43,1
DA:44,1
DA:47,1
DA:51,1
DA:52,0
DA:53,0
DA:56,0
DA:60,1
DA:61,0
DA:62,0
DA:65,0
DA:69,1
DA:70,0
DA:71,0
DA:74,0
DA:78,1
DA:79,0
DA:80,0
DA:83,0
LF:28
LH:15
BRF:0
BRH:0
end_of_record
TN:
SF:src/shared/globals/helpers/limiters.ts
FNF:0
FNH:0
DA:1,0
DA:3,0
DA:9,0
DA:15,0
LF:4
LH:0
BRF:0
BRH:0
end_of_record
TN:
SF:src/shared/globals/helpers/utils.ts
FN:6,(anonymous_1)
FN:12,(anonymous_2)
FN:16,(anonymous_3)
FN:20,(anonymous_4)
FN:30,(anonymous_5)
FN:40,(anonymous_6)
FN:50,(anonymous_7)
FN:54,(anonymous_8)
FN:57,(anonymous_9)
FN:65,(anonymous_10)
FNF:10
FNH:9
FNDA:12,(anonymous_1)
FNDA:24,(anonymous_2)
FNDA:4,(anonymous_3)
FNDA:8,(anonymous_4)
FNDA:6,(anonymous_5)
FNDA:1,(anonymous_6)
FNDA:70,(anonymous_7)
FNDA:0,(anonymous_8)
FNDA:65,(anonymous_9)
FNDA:7,(anonymous_10)
DA:2,1
DA:3,1
DA:5,1
DA:7,12
DA:9,12
DA:12,24
DA:17,4
DA:21,8
DA:22,0
DA:24,8
DA:25,8
DA:27,8
DA:34,6
DA:35,6
DA:36,5
DA:38,1
DA:39,1
DA:41,1
DA:42,1
DA:46,0
DA:51,70
DA:52,60
DA:53,10
DA:54,0
DA:55,10
DA:56,10
DA:57,10
DA:58,65
DA:60,10
DA:62,0
DA:67,7
DA:70,7
DA:72,7
DA:73,0
DA:77,7
DA:78,7
DA:79,7
DA:80,1
DA:84,6
DA:85,6
DA:86,0
DA:89,6
DA:93,0
DA:94,0
DA:96,0
DA:97,0
DA:100,0
DA:101,0
DA:104,0
DA:108,0
LF:50
LH:36
BRDA:7,0,0,0
BRDA:21,1,0,0
BRDA:38,2,0,1
BRDA:41,3,0,1
BRDA:41,3,1,0
BRDA:51,4,0,60
BRDA:51,4,1,10
BRDA:53,5,0,0
BRDA:53,5,1,10
BRDA:55,6,0,10
BRDA:55,7,0,10
BRDA:55,7,1,10
BRDA:72,8,0,0
BRDA:77,9,0,7
BRDA:79,10,0,1
BRDA:85,11,0,0
BRDA:93,12,0,0
BRDA:96,13,0,0
BRDA:100,14,0,0
BRF:19
BRH:10
end_of_record
TN:
SF:src/shared/services/db/auth.service.ts
FN:10,(anonymous_7)
FN:14,(anonymous_9)
FN:21,(anonymous_11)
FN:30,(anonymous_13)
FN:40,(anonymous_15)
FN:50,(anonymous_17)
FN:55,(anonymous_19)
FNF:7
FNH:0
FNDA:0,(anonymous_7)
FNDA:0,(anonymous_9)
FNDA:0,(anonymous_11)
FNDA:0,(anonymous_13)
FNDA:0,(anonymous_15)
FNDA:0,(anonymous_17)
FNDA:0,(anonymous_19)
DA:2,0
DA:4,0
DA:5,0
DA:11,0
DA:15,0
DA:22,0
DA:26,0
DA:27,0
DA:32,0
DA:36,0
DA:37,0
DA:42,0
DA:43,0
DA:44,0
DA:46,0
DA:47,0
DA:51,0
DA:52,0
DA:56,0
DA:60,0
DA:65,0
LF:21
LH:0
BRDA:27,0,0,0
BRDA:27,0,1,0
BRDA:37,1,0,0
BRDA:37,1,1,0
BRDA:43,2,0,0
BRDA:47,3,0,0
BRDA:47,3,1,0
BRDA:52,4,0,0
BRDA:52,4,1,0
BRDA:60,5,0,0
BRDA:60,5,1,0
BRF:11
BRH:0
end_of_record
TN:
SF:src/shared/services/db/business.service.ts
FN:7,(anonymous_7)
FN:11,(anonymous_9)
FN:16,(anonymous_11)
FNF:3
FNH:0
FNDA:0,(anonymous_7)
FNDA:0,(anonymous_9)
FNDA:0,(anonymous_11)
DA:2,0
DA:8,0
DA:12,0
DA:13,0
DA:17,0
DA:27,0
LF:6
LH:0
BRF:0
BRH:0
end_of_record
TN:
SF:src/shared/services/db/productService.ts
FN:7,(anonymous_7)
FN:11,(anonymous_9)
FNF:2
FNH:0
FNDA:0,(anonymous_7)
FNDA:0,(anonymous_9)
DA:2,0
DA:8,0
DA:12,0
DA:13,0
DA:20,0
LF:5
LH:0
BRDA:13,0,0,0
BRDA:13,0,1,0
BRF:2
BRH:0
end_of_record
TN:
SF:src/shared/services/db/user.service.ts
FN:7,(anonymous_7)
FN:11,(anonymous_9)
FN:16,(anonymous_11)
FN:21,(anonymous_13)
FN:27,(anonymous_15)
FNF:5
FNH:0
FNDA:0,(anonymous_7)
FNDA:0,(anonymous_9)
FNDA:0,(anonymous_11)
FNDA:0,(anonymous_13)
FNDA:0,(anonymous_15)
DA:2,0
DA:8,0
DA:12,0
DA:13,0
DA:17,0
DA:18,0
DA:22,0
DA:28,0
DA:31,0
DA:37,0
LF:10
LH:0
BRF:0
BRH:0
end_of_record
TN:
SF:src/shared/services/emails/mail.transport.ts
FN:19,(anonymous_8)
FN:28,(anonymous_10)
FN:57,(anonymous_12)
FNF:3
FNH:0
FNDA:0,(anonymous_8)
FNDA:0,(anonymous_10)
FNDA:0,(anonymous_12)
DA:1,0
DA:3,0
DA:4,0
DA:5,0
DA:14,0
DA:15,0
DA:20,0
DA:21,0
DA:23,0
DA:29,0
DA:39,0
DA:46,0
DA:47,0
DA:48,0
DA:51,0
DA:52,0
DA:59,0
DA:66,0
DA:67,0
DA:68,0
DA:70,0
DA:71,0
DA:77,0
LF:23
LH:0
BRDA:20,0,0,0
BRDA:20,0,1,0
BRDA:20,1,0,0
BRDA:20,1,1,0
BRF:4
BRH:0
end_of_record
TN:
SF:src/shared/services/emails/templates/forgot-password/forgot-password-template.ts
FN:5,(anonymous_1)
FNF:1
FNH:0
FNDA:0,(anonymous_1)
DA:1,0
DA:2,0
DA:6,0
DA:15,0
LF:4
LH:0
BRF:0
BRH:0
end_of_record
TN:
SF:src/shared/services/emails/templates/reset-password/reset-password-template.ts
FN:13,(anonymous_1)
FNF:1
FNH:0
FNDA:0,(anonymous_1)
DA:1,0
DA:2,0
DA:14,0
DA:15,0
DA:26,0
LF:5
LH:0
BRF:0
BRH:0
end_of_record
TN:
SF:src/shared/services/queues/auth.queue.ts
FN:7,(anonymous_0)
FN:12,(anonymous_1)
FNF:2
FNH:0
FNDA:0,(anonymous_0)
FNDA:0,(anonymous_1)
DA:2,0
DA:3,0
DA:8,0
DA:9,0
DA:13,0
DA:19,0
LF:6
LH:0
BRF:0
BRH:0
end_of_record
TN:
SF:src/shared/services/queues/base.queue.ts
FN:28,(anonymous_1)
FN:42,(anonymous_2)
FN:46,(anonymous_3)
FN:50,(anonymous_4)
FN:55,(anonymous_5)
FN:62,(anonymous_6)
FNF:6
FNH:0
FNDA:0,(anonymous_1)
FNDA:0,(anonymous_2)
FNDA:0,(anonymous_3)
FNDA:0,(anonymous_4)
FNDA:0,(anonymous_5)
FNDA:0,(anonymous_6)
DA:1,0
DA:3,0
DA:4,0
DA:5,0
DA:6,0
DA:20,0
DA:24,0
DA:29,0
DA:30,0
DA:31,0
DA:32,0
DA:33,0
DA:35,0
DA:40,0
DA:42,0
DA:43,0
DA:46,0
DA:47,0
DA:50,0
DA:51,0
DA:56,0
DA:63,0
LF:22
LH:0
BRF:0
BRH:0
end_of_record
TN:
SF:src/shared/services/queues/business.queue.ts
FN:7,(anonymous_0)
FN:14,(anonymous_1)
FN:18,(anonymous_2)
FNF:3
FNH:0
FNDA:0,(anonymous_0)
FNDA:0,(anonymous_1)
FNDA:0,(anonymous_2)
DA:2,0
DA:3,0
DA:8,0
DA:9,0
DA:10,0
DA:15,0
DA:19,0
DA:25,0
LF:8
LH:0
BRF:0
BRH:0
end_of_record
TN:
SF:src/shared/services/queues/email.queue.ts
FN:6,(anonymous_0)
FN:11,(anonymous_1)
FNF:2
FNH:0
FNDA:0,(anonymous_0)
FNDA:0,(anonymous_1)
DA:2,0
DA:3,0
DA:7,0
DA:8,0
DA:12,0
DA:17,0
LF:6
LH:0
BRF:0
BRH:0
end_of_record
TN:
SF:src/shared/services/queues/product.queue.ts
FN:8,(anonymous_0)
FN:13,(anonymous_1)
FNF:2
FNH:0
FNDA:0,(anonymous_0)
FNDA:0,(anonymous_1)
DA:2,0
DA:3,0
DA:9,0
DA:10,0
DA:14,0
DA:19,0
LF:6
LH:0
BRF:0
BRH:0
end_of_record
TN:
SF:src/shared/services/queues/user.queue.ts
FN:7,(anonymous_0)
FN:12,(anonymous_1)
FNF:2
FNH:0
FNDA:0,(anonymous_0)
FNDA:0,(anonymous_1)
DA:2,0
DA:3,0
DA:8,0
DA:9,0
DA:13,0
DA:19,0
LF:6
LH:0
BRF:0
BRH:0
end_of_record
TN:
SF:src/shared/services/redis/base.cache.ts
FN:13,(anonymous_0)
FN:19,(anonymous_1)
FN:20,(anonymous_2)
FNF:3
FNH:0
FNDA:0,(anonymous_0)
FNDA:0,(anonymous_1)
FNDA:0,(anonymous_2)
DA:1,0
DA:3,0
DA:8,0
DA:14,0
DA:15,0
DA:16,0
DA:20,0
DA:21,0
LF:8
LH:0
BRF:0
BRH:0
end_of_record
TN:
SF:src/shared/services/redis/business.cache.ts
FN:10,(anonymous_7)
FN:14,(anonymous_8)
FN:85,(anonymous_10)
FNF:3
FNH:0
FNDA:0,(anonymous_7)
FNDA:0,(anonymous_8)
FNDA:0,(anonymous_10)
DA:2,0
DA:4,0
DA:5,0
DA:7,0
DA:11,0
DA:19,0
DA:38,0
DA:40,0
DA:47,0
DA:57,0
DA:67,0
DA:68,0
DA:69,0
DA:70,0
DA:71,0
DA:73,0
DA:74,0
DA:76,0
DA:79,0
DA:80,0
DA:86,0
DA:87,0
DA:88,0
DA:91,0
DA:93,0
DA:94,0
DA:98,0
DA:119,0
DA:121,0
DA:122,0
DA:130,0
LF:31
LH:0
BRDA:42,0,0,0
BRDA:42,0,1,0
BRDA:43,1,0,0
BRDA:43,1,1,0
BRDA:44,2,0,0
BRDA:44,2,1,0
BRDA:48,3,0,0
BRDA:48,3,1,0
BRDA:49,4,0,0
BRDA:49,4,1,0
BRDA:50,5,0,0
BRDA:50,5,1,0
BRDA:51,6,0,0
BRDA:51,6,1,0
BRDA:52,7,0,0
BRDA:52,7,1,0
BRDA:53,8,0,0
BRDA:53,8,1,0
BRDA:54,9,0,0
BRDA:54,9,1,0
BRDA:58,10,0,0
BRDA:58,10,1,0
BRDA:59,11,0,0
BRDA:59,11,1,0
BRDA:60,12,0,0
BRDA:60,12,1,0
BRDA:61,13,0,0
BRDA:61,13,1,0
BRDA:62,14,0,0
BRDA:62,14,1,0
BRDA:63,15,0,0
BRDA:63,15,1,0
BRDA:70,16,0,0
BRDA:87,17,0,0
BRDA:93,18,0,0
BRDA:100,19,0,0
BRDA:100,19,1,0
BRDA:101,20,0,0
BRDA:101,20,1,0
BRDA:102,21,0,0
BRDA:102,21,1,0
BRDA:106,22,0,0
BRDA:106,22,1,0
BRDA:109,23,0,0
BRDA:109,23,1,0
BRDA:111,24,0,0
BRDA:111,24,1,0
BRF:47
BRH:0
end_of_record
TN:
SF:src/shared/services/redis/redis.connection.ts
FN:8,(anonymous_7)
FN:12,(anonymous_8)
FNF:2
FNH:0
FNDA:0,(anonymous_7)
FNDA:0,(anonymous_8)
DA:2,0
DA:3,0
DA:5,0
DA:9,0
DA:13,0
DA:14,0
DA:15,0
DA:16,0
DA:18,0
DA:23,0
LF:10
LH:0
BRF:0
BRH:0
end_of_record
TN:
SF:src/shared/services/redis/user.cache.ts
FN:10,(anonymous_7)
FN:14,(anonymous_8)
FN:88,(anonymous_10)
FNF:3
FNH:0
FNDA:0,(anonymous_7)
FNDA:0,(anonymous_8)
FNDA:0,(anonymous_10)
DA:1,0
DA:3,0
DA:4,0
DA:7,0
DA:11,0
DA:19,0
DA:40,0
DA:42,0
DA:57,0
DA:65,0
DA:71,0
DA:72,0
DA:74,0
DA:75,0
DA:76,0
DA:79,0
DA:80,0
DA:81,0
DA:83,0
DA:84,0
DA:89,0
DA:90,0
DA:91,0
DA:94,0
DA:96,0
DA:97,0
DA:100,0
DA:123,0
DA:125,0
DA:126,0
DA:131,0
LF:31
LH:0
BRDA:45,0,0,0
BRDA:45,0,1,0
BRDA:47,1,0,0
BRDA:47,1,1,0
BRDA:48,2,0,0
BRDA:48,2,1,0
BRDA:49,3,0,0
BRDA:49,3,1,0
BRDA:50,4,0,0
BRDA:50,4,1,0
BRDA:51,5,0,0
BRDA:51,5,1,0
BRDA:52,6,0,0
BRDA:52,6,1,0
BRDA:53,7,0,0
BRDA:53,7,1,0
BRDA:54,8,0,0
BRDA:54,8,1,0
BRDA:54,9,0,0
BRDA:54,9,1,0
BRDA:54,10,0,0
BRDA:54,10,1,0
BRDA:58,11,0,0
BRDA:58,11,1,0
BRDA:59,12,0,0
BRDA:59,12,1,0
BRDA:60,13,0,0
BRDA:60,13,1,0
BRDA:61,14,0,0
BRDA:61,14,1,0
BRDA:62,15,0,0
BRDA:62,15,1,0
BRDA:67,16,0,0
BRDA:67,16,1,0
BRDA:68,17,0,0
BRDA:68,17,1,0
BRDA:75,18,0,0
BRDA:90,19,0,0
BRDA:96,20,0,0
BRDA:102,21,0,0
BRDA:102,21,1,0
BRDA:103,22,0,0
BRDA:103,22,1,0
BRDA:105,23,0,0
BRDA:105,23,1,0
BRDA:106,24,0,0
BRDA:106,24,1,0
BRDA:107,25,0,0
BRDA:107,25,1,0
BRDA:108,26,0,0
BRDA:108,26,1,0
BRDA:109,27,0,0
BRDA:109,27,1,0
BRDA:110,28,0,0
BRDA:110,28,1,0
BRDA:111,29,0,0
BRDA:111,29,1,0
BRDA:113,30,0,0
BRDA:113,30,1,0
BRDA:114,31,0,0
BRDA:114,31,1,0
BRDA:115,32,0,0
BRDA:115,32,1,0
BRDA:116,33,0,0
BRDA:116,33,1,0
BRDA:117,34,0,0
BRDA:117,34,1,0
BRDA:118,35,0,0
BRDA:118,35,1,0
BRDA:119,36,0,0
BRDA:119,36,1,0
BRDA:120,37,0,0
BRDA:120,37,1,0
BRF:73
BRH:0
end_of_record
TN:
SF:src/shared/workers/auth.worker.ts
FN:9,(anonymous_7)
FNF:1
FNH:0
FNDA:0,(anonymous_7)
DA:2,0
DA:3,0
DA:5,0
DA:11,0
DA:12,0
DA:13,0
DA:14,0
DA:15,0
DA:18,0
DA:19,0
DA:25,0
LF:11
LH:0
BRF:0
BRH:0
end_of_record
TN:
SF:src/shared/workers/business.worker.ts
FN:13,(anonymous_7)
FN:29,(anonymous_9)
FNF:2
FNH:0
FNDA:0,(anonymous_7)
FNDA:0,(anonymous_9)
DA:3,0
DA:4,0
DA:9,0
DA:15,0
DA:16,0
DA:17,0
DA:18,0
DA:19,0
DA:22,0
DA:23,0
DA:31,0
DA:32,0
DA:33,0
DA:34,0
DA:35,0
DA:38,0
DA:39,0
DA:45,0
LF:18
LH:0
BRF:0
BRH:0
end_of_record
TN:
SF:src/shared/workers/email.worker.ts
FN:13,(anonymous_7)
FNF:1
FNH:0
FNDA:0,(anonymous_7)
DA:3,0
DA:4,0
DA:9,0
DA:15,0
DA:16,0
DA:17,0
DA:18,0
DA:19,0
DA:22,0
DA:23,0
DA:29,0
LF:11
LH:0
BRF:0
BRH:0
end_of_record
TN:
SF:src/shared/workers/product.worker.ts
FN:9,(anonymous_7)
FNF:1
FNH:0
FNDA:0,(anonymous_7)
DA:2,0
DA:3,0
DA:5,0
DA:11,0
DA:12,0
DA:13,0
DA:14,0
DA:15,0
DA:18,0
DA:19,0
DA:24,0
LF:11
LH:0
BRF:0
BRH:0
end_of_record
TN:
SF:src/shared/workers/user.worker.ts
FN:12,(anonymous_7)
FNF:1
FNH:0
FNDA:0,(anonymous_7)
DA:3,0
DA:4,0
DA:8,0
DA:14,0
DA:15,0
DA:16,0
DA:17,0
DA:18,0
DA:21,0
DA:22,0
DA:28,0
LF:11
LH:0
BRF:0
BRH:0
end_of_record
